Determining if the pthread_create exist failed with the following output:
Change Dir: /home/linya/beifen/myserver/tests/build/release/CMakeFiles/CMakeTmp

Run Build Command:/usr/bin/make "cmTryCompileExec2725160972/fast"
/usr/bin/make -f CMakeFiles/cmTryCompileExec2725160972.dir/build.make CMakeFiles/cmTryCompileExec2725160972.dir/build
make[1]: Entering directory `/home/linya/beifen/myserver/tests/build/release/CMakeFiles/CMakeTmp'
/usr/bin/cmake -E cmake_progress_report /home/linya/beifen/myserver/tests/build/release/CMakeFiles/CMakeTmp/CMakeFiles 1
Building C object CMakeFiles/cmTryCompileExec2725160972.dir/CheckSymbolExists.c.o
/usr/bin/cc    -o CMakeFiles/cmTryCompileExec2725160972.dir/CheckSymbolExists.c.o   -c /home/linya/beifen/myserver/tests/build/release/CMakeFiles/CMakeTmp/CheckSymbolExists.c
Linking C executable cmTryCompileExec2725160972
/usr/bin/cmake -E cmake_link_script CMakeFiles/cmTryCompileExec2725160972.dir/link.txt --verbose=1
/usr/bin/cc       CMakeFiles/cmTryCompileExec2725160972.dir/CheckSymbolExists.c.o  -o cmTryCompileExec2725160972 -rdynamic 
CMakeFiles/cmTryCompileExec2725160972.dir/CheckSymbolExists.c.o: In function `main':
CheckSymbolExists.c:(.text+0x16): undefined reference to `pthread_create'
collect2: error: ld returned 1 exit status
make[1]: *** [cmTryCompileExec2725160972] Error 1
make[1]: Leaving directory `/home/linya/beifen/myserver/tests/build/release/CMakeFiles/CMakeTmp'
make: *** [cmTryCompileExec2725160972/fast] Error 2

File /home/linya/beifen/myserver/tests/build/release/CMakeFiles/CMakeTmp/CheckSymbolExists.c:
/* */
#include <pthread.h>

int main(int argc, char** argv)
{
  (void)argv;
#ifndef pthread_create
  return ((int*)(&pthread_create))[argc];
#else
  (void)argc;
  return 0;
#endif
}

Determining if the function pthread_create exists in the pthreads failed with the following output:
Change Dir: /home/linya/beifen/myserver/tests/build/release/CMakeFiles/CMakeTmp

Run Build Command:/usr/bin/make "cmTryCompileExec2469824604/fast"
/usr/bin/make -f CMakeFiles/cmTryCompileExec2469824604.dir/build.make CMakeFiles/cmTryCompileExec2469824604.dir/build
make[1]: Entering directory `/home/linya/beifen/myserver/tests/build/release/CMakeFiles/CMakeTmp'
/usr/bin/cmake -E cmake_progress_report /home/linya/beifen/myserver/tests/build/release/CMakeFiles/CMakeTmp/CMakeFiles 1
Building C object CMakeFiles/cmTryCompileExec2469824604.dir/CheckFunctionExists.c.o
/usr/bin/cc   -DCHECK_FUNCTION_EXISTS=pthread_create   -o CMakeFiles/cmTryCompileExec2469824604.dir/CheckFunctionExists.c.o   -c /usr/share/cmake-2.8/Modules/CheckFunctionExists.c
Linking C executable cmTryCompileExec2469824604
/usr/bin/cmake -E cmake_link_script CMakeFiles/cmTryCompileExec2469824604.dir/link.txt --verbose=1
/usr/bin/cc   -DCHECK_FUNCTION_EXISTS=pthread_create    CMakeFiles/cmTryCompileExec2469824604.dir/CheckFunctionExists.c.o  -o cmTryCompileExec2469824604 -rdynamic -lpthreads 
/usr/bin/ld: cannot find -lpthreads
collect2: error: ld returned 1 exit status
make[1]: *** [cmTryCompileExec2469824604] Error 1
make[1]: Leaving directory `/home/linya/beifen/myserver/tests/build/release/CMakeFiles/CMakeTmp'
make: *** [cmTryCompileExec2469824604/fast] Error 2


